0 info it worked if it ends with ok
1 verbose cli [ 'C:\\Program Files\\nodejs\\node.exe',
1 verbose cli   'C:\\Program Files\\nodejs\\node_modules\\npm\\bin\\npm-cli.js',
1 verbose cli   'run',
1 verbose cli   'build:watch' ]
2 info using npm@3.10.10
3 info using node@v6.9.4
4 verbose run-script [ 'prebuild:watch', 'build:watch', 'postbuild:watch' ]
5 info lifecycle agency@1.0.0~prebuild:watch: agency@1.0.0
6 silly lifecycle agency@1.0.0~prebuild:watch: no script for prebuild:watch, continuing
7 info lifecycle agency@1.0.0~build:watch: agency@1.0.0
8 verbose lifecycle agency@1.0.0~build:watch: unsafe-perm in lifecycle true
9 verbose lifecycle agency@1.0.0~build:watch: PATH: C:\Program Files\nodejs\node_modules\npm\bin\node-gyp-bin;C:\Users\emoran\startbootstrap-agency-ng2\node_modules\.bin;C:\Program Files\nodejs\node_modules\npm\bin\node-gyp-bin;C:\Users\emoran\startbootstrap-agency-ng2\node_modules\.bin;C:\ProgramData\Oracle\Java\javapath;C:\WINDOWS\system32;C:\WINDOWS;C:\WINDOWS\System32\Wbem;C:\WINDOWS\System32\WindowsPowerShell\v1.0\;C:\Program Files (x86)\Enterprise Vault\EVClient\;C:\Program Files (x86)\Hyland\Web ActiveX\;C:\Program Files (x86)\Hyland\Core\;C:\Program Files (x86)\Reflection\;C:\Program Files\Microsoft SQL Server\120\DTS\Binn\;C:\Program Files\Microsoft SQL Server\Client SDK\ODBC\110\Tools\Binn\;C:\Program Files (x86)\Microsoft SQL Server\120\Tools\Binn\;C:\Program Files\Microsoft SQL Server\120\Tools\Binn\;C:\Program Files (x86)\Microsoft SQL Server\120\Tools\Binn\ManagementStudio\;C:\Program Files (x86)\Microsoft SQL Server\120\DTS\Binn\;C:\Program Files (x86)\Windows Kits\8.1\Windows Performance Toolkit\;C:\Program Files\Git\cmd;C:\Program Files\nodejs\;C:\Program Files\Microsoft SQL Server\130\Tools\Binn\;C:\Program Files\Amazon\AWSCLI\;C:\Program Files\dotnet\;C:\HashiCorp\Vagrant\bin;C:\Users\emoran\AppData\Local\Microsoft\WindowsApps;C:\Users\emoran\AppData\Roaming\npm;C:\maven\apache-maven-3.3.9\bin
10 verbose lifecycle agency@1.0.0~build:watch: CWD: C:\Users\emoran\startbootstrap-agency-ng2
11 silly lifecycle agency@1.0.0~build:watch: Args: [ '/d /s /c', 'tsc -w' ]
12 silly lifecycle agency@1.0.0~build:watch: Returned: code: 3221225786  signal: null
13 info lifecycle agency@1.0.0~build:watch: Failed to exec build:watch script
14 verbose stack Error: agency@1.0.0 build:watch: `tsc -w`
14 verbose stack Exit status 3221225786
14 verbose stack     at EventEmitter.<anonymous> (C:\Program Files\nodejs\node_modules\npm\lib\utils\lifecycle.js:255:16)
14 verbose stack     at emitTwo (events.js:106:13)
14 verbose stack     at EventEmitter.emit (events.js:191:7)
14 verbose stack     at ChildProcess.<anonymous> (C:\Program Files\nodejs\node_modules\npm\lib\utils\spawn.js:40:14)
14 verbose stack     at emitTwo (events.js:106:13)
14 verbose stack     at ChildProcess.emit (events.js:191:7)
14 verbose stack     at maybeClose (internal/child_process.js:877:16)
14 verbose stack     at Process.ChildProcess._handle.onexit (internal/child_process.js:226:5)
15 verbose pkgid agency@1.0.0
16 verbose cwd C:\Users\emoran\startbootstrap-agency-ng2
17 error Windows_NT 10.0.14393
18 error argv "C:\\Program Files\\nodejs\\node.exe" "C:\\Program Files\\nodejs\\node_modules\\npm\\bin\\npm-cli.js" "run" "build:watch"
19 error node v6.9.4
20 error npm  v3.10.10
21 error code ELIFECYCLE
22 error agency@1.0.0 build:watch: `tsc -w`
22 error Exit status 3221225786
23 error Failed at the agency@1.0.0 build:watch script 'tsc -w'.
23 error Make sure you have the latest version of node.js and npm installed.
23 error If you do, this is most likely a problem with the agency package,
23 error not with npm itself.
23 error Tell the author that this fails on your system:
23 error     tsc -w
23 error You can get information on how to open an issue for this project with:
23 error     npm bugs agency
23 error Or if that isn't available, you can get their info via:
23 error     npm owner ls agency
23 error There is likely additional logging output above.
24 verbose exit [ 1, true ]
